<?xml version="1.0" encoding="UTF-8"?>
<testsuite name="Login to SauceDemo" tests="1" skipped="0" failures="0" errors="0" timestamp="2025-07-23T15:16:22" hostname="LAPTOP-KNP6RUNT" time="6.085">
  <properties/>
  <testcase name="Login with valid credentials" classname="Login to SauceDemo" time="6.085"/>
  <system-out><![CDATA[
Scenario: Login with valid credentials         # src/test/resources/features/login.feature:3
  Given User is on login page                  # step.LoginSteps.user_on_login_page()
  When User enters valid username and password # step.LoginSteps.user_enters_valid_credentials()
  Then User is redirected to the products page # step.LoginSteps.redirected_to_products()
]]></system-out>
  <system-err><![CDATA[Jul 23, 2025 10:16:23 PM org.openqa.selenium.devtools.CdpVersionFinder findNearestMatch
WARNING: Unable to find CDP implementation matching 138
Jul 23, 2025 10:16:23 PM org.openqa.selenium.chromium.ChromiumDriver lambda$new$5
WARNING: Unable to find version of CDP to use for 138.0.7204.158. You may need to include a dependency on a specific version of the CDP using something similar to `org.seleniumhq.selenium:selenium-devtools-v86:4.21.0` where the version ("v86") matches the version of the chromium-based browser you're using and the version number of the artifact is the same as Selenium's.
]]></system-err>
</testsuite>
